<?xml version="1.0" encoding="UTF-8"?>
<testsuite xmlns:xsi="http://www.w3.org/2001/XMLSchema-instance" xsi:noNamespaceSchemaLocation="https://maven.apache.org/surefire/maven-surefire-plugin/xsd/surefire-test-report-3.0.xsd" version="3.0" name="com.example.signalling.SignallingIntegrationTest" time="10.932" tests="5" errors="0" skipped="0" failures="3">
  <properties>
    <property name="java.specification.version" value="17"/>
    <property name="sun.jnu.encoding" value="UTF-8"/>
    <property name="java.class.path" value="/home/runner/work/Signalling/Signalling/java-signalling/target/test-classes:/home/runner/work/Signalling/Signalling/java-signalling/target/classes:/home/runner/.m2/repository/org/springframework/boot/spring-boot-starter-webflux/3.2.1/spring-boot-starter-webflux-3.2.1.jar:/home/runner/.m2/repository/org/springframework/boot/spring-boot-starter/3.2.1/spring-boot-starter-3.2.1.jar:/home/runner/.m2/repository/org/springframework/boot/spring-boot/3.2.1/spring-boot-3.2.1.jar:/home/runner/.m2/repository/org/springframework/spring-context/6.1.2/spring-context-6.1.2.jar:/home/runner/.m2/repository/org/springframework/spring-aop/6.1.2/spring-aop-6.1.2.jar:/home/runner/.m2/repository/org/springframework/spring-expression/6.1.2/spring-expression-6.1.2.jar:/home/runner/.m2/repository/org/springframework/boot/spring-boot-autoconfigure/3.2.1/spring-boot-autoconfigure-3.2.1.jar:/home/runner/.m2/repository/org/springframework/boot/spring-boot-starter-logging/3.2.1/spring-boot-starter-logging-3.2.1.jar:/home/runner/.m2/repository/ch/qos/logback/logback-classic/1.4.14/logback-classic-1.4.14.jar:/home/runner/.m2/repository/ch/qos/logback/logback-core/1.4.14/logback-core-1.4.14.jar:/home/runner/.m2/repository/org/apache/logging/log4j/log4j-to-slf4j/2.21.1/log4j-to-slf4j-2.21.1.jar:/home/runner/.m2/repository/org/apache/logging/log4j/log4j-api/2.21.1/log4j-api-2.21.1.jar:/home/runner/.m2/repository/org/slf4j/jul-to-slf4j/2.0.9/jul-to-slf4j-2.0.9.jar:/home/runner/.m2/repository/jakarta/annotation/jakarta.annotation-api/2.1.1/jakarta.annotation-api-2.1.1.jar:/home/runner/.m2/repository/org/yaml/snakeyaml/2.2/snakeyaml-2.2.jar:/home/runner/.m2/repository/org/springframework/boot/spring-boot-starter-json/3.2.1/spring-boot-starter-json-3.2.1.jar:/home/runner/.m2/repository/com/fasterxml/jackson/datatype/jackson-datatype-jdk8/2.15.3/jackson-datatype-jdk8-2.15.3.jar:/home/runner/.m2/repository/com/fasterxml/jackson/datatype/jackson-datatype-jsr310/2.15.3/jackson-datatype-jsr310-2.15.3.jar:/home/runner/.m2/repository/com/fasterxml/jackson/module/jackson-module-parameter-names/2.15.3/jackson-module-parameter-names-2.15.3.jar:/home/runner/.m2/repository/org/springframework/boot/spring-boot-starter-reactor-netty/3.2.1/spring-boot-starter-reactor-netty-3.2.1.jar:/home/runner/.m2/repository/org/springframework/spring-web/6.1.2/spring-web-6.1.2.jar:/home/runner/.m2/repository/org/springframework/spring-beans/6.1.2/spring-beans-6.1.2.jar:/home/runner/.m2/repository/org/springframework/spring-webflux/6.1.2/spring-webflux-6.1.2.jar:/home/runner/.m2/repository/org/springframework/boot/spring-boot-starter-actuator/3.2.1/spring-boot-starter-actuator-3.2.1.jar:/home/runner/.m2/repository/org/springframework/boot/spring-boot-actuator-autoconfigure/3.2.1/spring-boot-actuator-autoconfigure-3.2.1.jar:/home/runner/.m2/repository/org/springframework/boot/spring-boot-actuator/3.2.1/spring-boot-actuator-3.2.1.jar:/home/runner/.m2/repository/io/micrometer/micrometer-observation/1.12.1/micrometer-observation-1.12.1.jar:/home/runner/.m2/repository/io/micrometer/micrometer-commons/1.12.1/micrometer-commons-1.12.1.jar:/home/runner/.m2/repository/io/micrometer/micrometer-jakarta9/1.12.1/micrometer-jakarta9-1.12.1.jar:/home/runner/.m2/repository/io/micrometer/micrometer-registry-prometheus/1.12.1/micrometer-registry-prometheus-1.12.1.jar:/home/runner/.m2/repository/io/micrometer/micrometer-core/1.12.1/micrometer-core-1.12.1.jar:/home/runner/.m2/repository/org/hdrhistogram/HdrHistogram/2.1.12/HdrHistogram-2.1.12.jar:/home/runner/.m2/repository/org/latencyutils/LatencyUtils/2.0.3/LatencyUtils-2.0.3.jar:/home/runner/.m2/repository/io/prometheus/simpleclient_common/0.16.0/simpleclient_common-0.16.0.jar:/home/runner/.m2/repository/io/prometheus/simpleclient/0.16.0/simpleclient-0.16.0.jar:/home/runner/.m2/repository/io/prometheus/simpleclient_tracer_otel/0.16.0/simpleclient_tracer_otel-0.16.0.jar:/home/runner/.m2/repository/io/prometheus/simpleclient_tracer_common/0.16.0/simpleclient_tracer_common-0.16.0.jar:/home/runner/.m2/repository/io/prometheus/simpleclient_tracer_otel_agent/0.16.0/simpleclient_tracer_otel_agent-0.16.0.jar:/home/runner/.m2/repository/com/fasterxml/jackson/core/jackson-databind/2.15.3/jackson-databind-2.15.3.jar:/home/runner/.m2/repository/com/fasterxml/jackson/core/jackson-annotations/2.15.3/jackson-annotations-2.15.3.jar:/home/runner/.m2/repository/com/fasterxml/jackson/core/jackson-core/2.15.3/jackson-core-2.15.3.jar:/home/runner/.m2/repository/net/logstash/logback/logstash-logback-encoder/7.4/logstash-logback-encoder-7.4.jar:/home/runner/.m2/repository/org/springframework/boot/spring-boot-starter-test/3.2.1/spring-boot-starter-test-3.2.1.jar:/home/runner/.m2/repository/org/springframework/boot/spring-boot-test/3.2.1/spring-boot-test-3.2.1.jar:/home/runner/.m2/repository/org/springframework/boot/spring-boot-test-autoconfigure/3.2.1/spring-boot-test-autoconfigure-3.2.1.jar:/home/runner/.m2/repository/com/jayway/jsonpath/json-path/2.8.0/json-path-2.8.0.jar:/home/runner/.m2/repository/org/slf4j/slf4j-api/2.0.9/slf4j-api-2.0.9.jar:/home/runner/.m2/repository/jakarta/xml/bind/jakarta.xml.bind-api/4.0.1/jakarta.xml.bind-api-4.0.1.jar:/home/runner/.m2/repository/jakarta/activation/jakarta.activation-api/2.1.2/jakarta.activation-api-2.1.2.jar:/home/runner/.m2/repository/net/minidev/json-smart/2.5.0/json-smart-2.5.0.jar:/home/runner/.m2/repository/net/minidev/accessors-smart/2.5.0/accessors-smart-2.5.0.jar:/home/runner/.m2/repository/org/ow2/asm/asm/9.3/asm-9.3.jar:/home/runner/.m2/repository/org/assertj/assertj-core/3.24.2/assertj-core-3.24.2.jar:/home/runner/.m2/repository/net/bytebuddy/byte-buddy/1.14.10/byte-buddy-1.14.10.jar:/home/runner/.m2/repository/org/awaitility/awaitility/4.2.0/awaitility-4.2.0.jar:/home/runner/.m2/repository/org/hamcrest/hamcrest/2.2/hamcrest-2.2.jar:/home/runner/.m2/repository/org/junit/jupiter/junit-jupiter/5.10.1/junit-jupiter-5.10.1.jar:/home/runner/.m2/repository/org/junit/jupiter/junit-jupiter-api/5.10.1/junit-jupiter-api-5.10.1.jar:/home/runner/.m2/repository/org/opentest4j/opentest4j/1.3.0/opentest4j-1.3.0.jar:/home/runner/.m2/repository/org/junit/platform/junit-platform-commons/1.10.1/junit-platform-commons-1.10.1.jar:/home/runner/.m2/repository/org/apiguardian/apiguardian-api/1.1.2/apiguardian-api-1.1.2.jar:/home/runner/.m2/repository/org/junit/jupiter/junit-jupiter-params/5.10.1/junit-jupiter-params-5.10.1.jar:/home/runner/.m2/repository/org/junit/jupiter/junit-jupiter-engine/5.10.1/junit-jupiter-engine-5.10.1.jar:/home/runner/.m2/repository/org/junit/platform/junit-platform-engine/1.10.1/junit-platform-engine-1.10.1.jar:/home/runner/.m2/repository/org/mockito/mockito-core/5.7.0/mockito-core-5.7.0.jar:/home/runner/.m2/repository/net/bytebuddy/byte-buddy-agent/1.14.10/byte-buddy-agent-1.14.10.jar:/home/runner/.m2/repository/org/objenesis/objenesis/3.3/objenesis-3.3.jar:/home/runner/.m2/repository/org/mockito/mockito-junit-jupiter/5.7.0/mockito-junit-jupiter-5.7.0.jar:/home/runner/.m2/repository/org/skyscreamer/jsonassert/1.5.1/jsonassert-1.5.1.jar:/home/runner/.m2/repository/com/vaadin/external/google/android-json/0.0.20131108.vaadin1/android-json-0.0.20131108.vaadin1.jar:/home/runner/.m2/repository/org/springframework/spring-core/6.1.2/spring-core-6.1.2.jar:/home/runner/.m2/repository/org/springframework/spring-jcl/6.1.2/spring-jcl-6.1.2.jar:/home/runner/.m2/repository/org/springframework/spring-test/6.1.2/spring-test-6.1.2.jar:/home/runner/.m2/repository/org/xmlunit/xmlunit-core/2.9.1/xmlunit-core-2.9.1.jar:/home/runner/.m2/repository/io/projectreactor/reactor-test/3.6.1/reactor-test-3.6.1.jar:/home/runner/.m2/repository/io/projectreactor/reactor-core/3.6.1/reactor-core-3.6.1.jar:/home/runner/.m2/repository/org/reactivestreams/reactive-streams/1.0.4/reactive-streams-1.0.4.jar:/home/runner/.m2/repository/io/projectreactor/netty/reactor-netty-http/1.1.14/reactor-netty-http-1.1.14.jar:/home/runner/.m2/repository/io/netty/netty-codec-http/4.1.104.Final/netty-codec-http-4.1.104.Final.jar:/home/runner/.m2/repository/io/netty/netty-common/4.1.104.Final/netty-common-4.1.104.Final.jar:/home/runner/.m2/repository/io/netty/netty-buffer/4.1.104.Final/netty-buffer-4.1.104.Final.jar:/home/runner/.m2/repository/io/netty/netty-transport/4.1.104.Final/netty-transport-4.1.104.Final.jar:/home/runner/.m2/repository/io/netty/netty-codec/4.1.104.Final/netty-codec-4.1.104.Final.jar:/home/runner/.m2/repository/io/netty/netty-handler/4.1.104.Final/netty-handler-4.1.104.Final.jar:/home/runner/.m2/repository/io/netty/netty-codec-http2/4.1.104.Final/netty-codec-http2-4.1.104.Final.jar:/home/runner/.m2/repository/io/netty/netty-resolver-dns/4.1.104.Final/netty-resolver-dns-4.1.104.Final.jar:/home/runner/.m2/repository/io/netty/netty-resolver/4.1.104.Final/netty-resolver-4.1.104.Final.jar:/home/runner/.m2/repository/io/netty/netty-codec-dns/4.1.104.Final/netty-codec-dns-4.1.104.Final.jar:/home/runner/.m2/repository/io/netty/netty-resolver-dns-native-macos/4.1.104.Final/netty-resolver-dns-native-macos-4.1.104.Final-osx-x86_64.jar:/home/runner/.m2/repository/io/netty/netty-resolver-dns-classes-macos/4.1.104.Final/netty-resolver-dns-classes-macos-4.1.104.Final.jar:/home/runner/.m2/repository/io/netty/netty-transport-native-epoll/4.1.104.Final/netty-transport-native-epoll-4.1.104.Final-linux-x86_64.jar:/home/runner/.m2/repository/io/netty/netty-transport-native-unix-common/4.1.104.Final/netty-transport-native-unix-common-4.1.104.Final.jar:/home/runner/.m2/repository/io/netty/netty-transport-classes-epoll/4.1.104.Final/netty-transport-classes-epoll-4.1.104.Final.jar:/home/runner/.m2/repository/io/projectreactor/netty/reactor-netty-core/1.1.14/reactor-netty-core-1.1.14.jar:/home/runner/.m2/repository/io/netty/netty-handler-proxy/4.1.104.Final/netty-handler-proxy-4.1.104.Final.jar:/home/runner/.m2/repository/io/netty/netty-codec-socks/4.1.104.Final/netty-codec-socks-4.1.104.Final.jar:"/>
    <property name="java.vm.vendor" value="Eclipse Adoptium"/>
    <property name="sun.arch.data.model" value="64"/>
    <property name="java.vendor.url" value="https://adoptium.net/"/>
    <property name="user.timezone" value="Etc/UTC"/>
    <property name="os.name" value="Linux"/>
    <property name="java.vm.specification.version" value="17"/>
    <property name="sun.java.launcher" value="SUN_STANDARD"/>
    <property name="sun.boot.library.path" value="/usr/lib/jvm/temurin-17-jdk-amd64/lib"/>
    <property name="sun.java.command" value="/home/runner/work/Signalling/Signalling/java-signalling/target/surefire/surefirebooter-20250813083248854_3.jar /home/runner/work/Signalling/Signalling/java-signalling/target/surefire 2025-08-13T08-32-48_780-jvmRun1 surefire-20250813083248854_1tmp surefire_0-20250813083248854_2tmp"/>
    <property name="jdk.debug" value="release"/>
    <property name="surefire.test.class.path" value="/home/runner/work/Signalling/Signalling/java-signalling/target/test-classes:/home/runner/work/Signalling/Signalling/java-signalling/target/classes:/home/runner/.m2/repository/org/springframework/boot/spring-boot-starter-webflux/3.2.1/spring-boot-starter-webflux-3.2.1.jar:/home/runner/.m2/repository/org/springframework/boot/spring-boot-starter/3.2.1/spring-boot-starter-3.2.1.jar:/home/runner/.m2/repository/org/springframework/boot/spring-boot/3.2.1/spring-boot-3.2.1.jar:/home/runner/.m2/repository/org/springframework/spring-context/6.1.2/spring-context-6.1.2.jar:/home/runner/.m2/repository/org/springframework/spring-aop/6.1.2/spring-aop-6.1.2.jar:/home/runner/.m2/repository/org/springframework/spring-expression/6.1.2/spring-expression-6.1.2.jar:/home/runner/.m2/repository/org/springframework/boot/spring-boot-autoconfigure/3.2.1/spring-boot-autoconfigure-3.2.1.jar:/home/runner/.m2/repository/org/springframework/boot/spring-boot-starter-logging/3.2.1/spring-boot-starter-logging-3.2.1.jar:/home/runner/.m2/repository/ch/qos/logback/logback-classic/1.4.14/logback-classic-1.4.14.jar:/home/runner/.m2/repository/ch/qos/logback/logback-core/1.4.14/logback-core-1.4.14.jar:/home/runner/.m2/repository/org/apache/logging/log4j/log4j-to-slf4j/2.21.1/log4j-to-slf4j-2.21.1.jar:/home/runner/.m2/repository/org/apache/logging/log4j/log4j-api/2.21.1/log4j-api-2.21.1.jar:/home/runner/.m2/repository/org/slf4j/jul-to-slf4j/2.0.9/jul-to-slf4j-2.0.9.jar:/home/runner/.m2/repository/jakarta/annotation/jakarta.annotation-api/2.1.1/jakarta.annotation-api-2.1.1.jar:/home/runner/.m2/repository/org/yaml/snakeyaml/2.2/snakeyaml-2.2.jar:/home/runner/.m2/repository/org/springframework/boot/spring-boot-starter-json/3.2.1/spring-boot-starter-json-3.2.1.jar:/home/runner/.m2/repository/com/fasterxml/jackson/datatype/jackson-datatype-jdk8/2.15.3/jackson-datatype-jdk8-2.15.3.jar:/home/runner/.m2/repository/com/fasterxml/jackson/datatype/jackson-datatype-jsr310/2.15.3/jackson-datatype-jsr310-2.15.3.jar:/home/runner/.m2/repository/com/fasterxml/jackson/module/jackson-module-parameter-names/2.15.3/jackson-module-parameter-names-2.15.3.jar:/home/runner/.m2/repository/org/springframework/boot/spring-boot-starter-reactor-netty/3.2.1/spring-boot-starter-reactor-netty-3.2.1.jar:/home/runner/.m2/repository/org/springframework/spring-web/6.1.2/spring-web-6.1.2.jar:/home/runner/.m2/repository/org/springframework/spring-beans/6.1.2/spring-beans-6.1.2.jar:/home/runner/.m2/repository/org/springframework/spring-webflux/6.1.2/spring-webflux-6.1.2.jar:/home/runner/.m2/repository/org/springframework/boot/spring-boot-starter-actuator/3.2.1/spring-boot-starter-actuator-3.2.1.jar:/home/runner/.m2/repository/org/springframework/boot/spring-boot-actuator-autoconfigure/3.2.1/spring-boot-actuator-autoconfigure-3.2.1.jar:/home/runner/.m2/repository/org/springframework/boot/spring-boot-actuator/3.2.1/spring-boot-actuator-3.2.1.jar:/home/runner/.m2/repository/io/micrometer/micrometer-observation/1.12.1/micrometer-observation-1.12.1.jar:/home/runner/.m2/repository/io/micrometer/micrometer-commons/1.12.1/micrometer-commons-1.12.1.jar:/home/runner/.m2/repository/io/micrometer/micrometer-jakarta9/1.12.1/micrometer-jakarta9-1.12.1.jar:/home/runner/.m2/repository/io/micrometer/micrometer-registry-prometheus/1.12.1/micrometer-registry-prometheus-1.12.1.jar:/home/runner/.m2/repository/io/micrometer/micrometer-core/1.12.1/micrometer-core-1.12.1.jar:/home/runner/.m2/repository/org/hdrhistogram/HdrHistogram/2.1.12/HdrHistogram-2.1.12.jar:/home/runner/.m2/repository/org/latencyutils/LatencyUtils/2.0.3/LatencyUtils-2.0.3.jar:/home/runner/.m2/repository/io/prometheus/simpleclient_common/0.16.0/simpleclient_common-0.16.0.jar:/home/runner/.m2/repository/io/prometheus/simpleclient/0.16.0/simpleclient-0.16.0.jar:/home/runner/.m2/repository/io/prometheus/simpleclient_tracer_otel/0.16.0/simpleclient_tracer_otel-0.16.0.jar:/home/runner/.m2/repository/io/prometheus/simpleclient_tracer_common/0.16.0/simpleclient_tracer_common-0.16.0.jar:/home/runner/.m2/repository/io/prometheus/simpleclient_tracer_otel_agent/0.16.0/simpleclient_tracer_otel_agent-0.16.0.jar:/home/runner/.m2/repository/com/fasterxml/jackson/core/jackson-databind/2.15.3/jackson-databind-2.15.3.jar:/home/runner/.m2/repository/com/fasterxml/jackson/core/jackson-annotations/2.15.3/jackson-annotations-2.15.3.jar:/home/runner/.m2/repository/com/fasterxml/jackson/core/jackson-core/2.15.3/jackson-core-2.15.3.jar:/home/runner/.m2/repository/net/logstash/logback/logstash-logback-encoder/7.4/logstash-logback-encoder-7.4.jar:/home/runner/.m2/repository/org/springframework/boot/spring-boot-starter-test/3.2.1/spring-boot-starter-test-3.2.1.jar:/home/runner/.m2/repository/org/springframework/boot/spring-boot-test/3.2.1/spring-boot-test-3.2.1.jar:/home/runner/.m2/repository/org/springframework/boot/spring-boot-test-autoconfigure/3.2.1/spring-boot-test-autoconfigure-3.2.1.jar:/home/runner/.m2/repository/com/jayway/jsonpath/json-path/2.8.0/json-path-2.8.0.jar:/home/runner/.m2/repository/org/slf4j/slf4j-api/2.0.9/slf4j-api-2.0.9.jar:/home/runner/.m2/repository/jakarta/xml/bind/jakarta.xml.bind-api/4.0.1/jakarta.xml.bind-api-4.0.1.jar:/home/runner/.m2/repository/jakarta/activation/jakarta.activation-api/2.1.2/jakarta.activation-api-2.1.2.jar:/home/runner/.m2/repository/net/minidev/json-smart/2.5.0/json-smart-2.5.0.jar:/home/runner/.m2/repository/net/minidev/accessors-smart/2.5.0/accessors-smart-2.5.0.jar:/home/runner/.m2/repository/org/ow2/asm/asm/9.3/asm-9.3.jar:/home/runner/.m2/repository/org/assertj/assertj-core/3.24.2/assertj-core-3.24.2.jar:/home/runner/.m2/repository/net/bytebuddy/byte-buddy/1.14.10/byte-buddy-1.14.10.jar:/home/runner/.m2/repository/org/awaitility/awaitility/4.2.0/awaitility-4.2.0.jar:/home/runner/.m2/repository/org/hamcrest/hamcrest/2.2/hamcrest-2.2.jar:/home/runner/.m2/repository/org/junit/jupiter/junit-jupiter/5.10.1/junit-jupiter-5.10.1.jar:/home/runner/.m2/repository/org/junit/jupiter/junit-jupiter-api/5.10.1/junit-jupiter-api-5.10.1.jar:/home/runner/.m2/repository/org/opentest4j/opentest4j/1.3.0/opentest4j-1.3.0.jar:/home/runner/.m2/repository/org/junit/platform/junit-platform-commons/1.10.1/junit-platform-commons-1.10.1.jar:/home/runner/.m2/repository/org/apiguardian/apiguardian-api/1.1.2/apiguardian-api-1.1.2.jar:/home/runner/.m2/repository/org/junit/jupiter/junit-jupiter-params/5.10.1/junit-jupiter-params-5.10.1.jar:/home/runner/.m2/repository/org/junit/jupiter/junit-jupiter-engine/5.10.1/junit-jupiter-engine-5.10.1.jar:/home/runner/.m2/repository/org/junit/platform/junit-platform-engine/1.10.1/junit-platform-engine-1.10.1.jar:/home/runner/.m2/repository/org/mockito/mockito-core/5.7.0/mockito-core-5.7.0.jar:/home/runner/.m2/repository/net/bytebuddy/byte-buddy-agent/1.14.10/byte-buddy-agent-1.14.10.jar:/home/runner/.m2/repository/org/objenesis/objenesis/3.3/objenesis-3.3.jar:/home/runner/.m2/repository/org/mockito/mockito-junit-jupiter/5.7.0/mockito-junit-jupiter-5.7.0.jar:/home/runner/.m2/repository/org/skyscreamer/jsonassert/1.5.1/jsonassert-1.5.1.jar:/home/runner/.m2/repository/com/vaadin/external/google/android-json/0.0.20131108.vaadin1/android-json-0.0.20131108.vaadin1.jar:/home/runner/.m2/repository/org/springframework/spring-core/6.1.2/spring-core-6.1.2.jar:/home/runner/.m2/repository/org/springframework/spring-jcl/6.1.2/spring-jcl-6.1.2.jar:/home/runner/.m2/repository/org/springframework/spring-test/6.1.2/spring-test-6.1.2.jar:/home/runner/.m2/repository/org/xmlunit/xmlunit-core/2.9.1/xmlunit-core-2.9.1.jar:/home/runner/.m2/repository/io/projectreactor/reactor-test/3.6.1/reactor-test-3.6.1.jar:/home/runner/.m2/repository/io/projectreactor/reactor-core/3.6.1/reactor-core-3.6.1.jar:/home/runner/.m2/repository/org/reactivestreams/reactive-streams/1.0.4/reactive-streams-1.0.4.jar:/home/runner/.m2/repository/io/projectreactor/netty/reactor-netty-http/1.1.14/reactor-netty-http-1.1.14.jar:/home/runner/.m2/repository/io/netty/netty-codec-http/4.1.104.Final/netty-codec-http-4.1.104.Final.jar:/home/runner/.m2/repository/io/netty/netty-common/4.1.104.Final/netty-common-4.1.104.Final.jar:/home/runner/.m2/repository/io/netty/netty-buffer/4.1.104.Final/netty-buffer-4.1.104.Final.jar:/home/runner/.m2/repository/io/netty/netty-transport/4.1.104.Final/netty-transport-4.1.104.Final.jar:/home/runner/.m2/repository/io/netty/netty-codec/4.1.104.Final/netty-codec-4.1.104.Final.jar:/home/runner/.m2/repository/io/netty/netty-handler/4.1.104.Final/netty-handler-4.1.104.Final.jar:/home/runner/.m2/repository/io/netty/netty-codec-http2/4.1.104.Final/netty-codec-http2-4.1.104.Final.jar:/home/runner/.m2/repository/io/netty/netty-resolver-dns/4.1.104.Final/netty-resolver-dns-4.1.104.Final.jar:/home/runner/.m2/repository/io/netty/netty-resolver/4.1.104.Final/netty-resolver-4.1.104.Final.jar:/home/runner/.m2/repository/io/netty/netty-codec-dns/4.1.104.Final/netty-codec-dns-4.1.104.Final.jar:/home/runner/.m2/repository/io/netty/netty-resolver-dns-native-macos/4.1.104.Final/netty-resolver-dns-native-macos-4.1.104.Final-osx-x86_64.jar:/home/runner/.m2/repository/io/netty/netty-resolver-dns-classes-macos/4.1.104.Final/netty-resolver-dns-classes-macos-4.1.104.Final.jar:/home/runner/.m2/repository/io/netty/netty-transport-native-epoll/4.1.104.Final/netty-transport-native-epoll-4.1.104.Final-linux-x86_64.jar:/home/runner/.m2/repository/io/netty/netty-transport-native-unix-common/4.1.104.Final/netty-transport-native-unix-common-4.1.104.Final.jar:/home/runner/.m2/repository/io/netty/netty-transport-classes-epoll/4.1.104.Final/netty-transport-classes-epoll-4.1.104.Final.jar:/home/runner/.m2/repository/io/projectreactor/netty/reactor-netty-core/1.1.14/reactor-netty-core-1.1.14.jar:/home/runner/.m2/repository/io/netty/netty-handler-proxy/4.1.104.Final/netty-handler-proxy-4.1.104.Final.jar:/home/runner/.m2/repository/io/netty/netty-codec-socks/4.1.104.Final/netty-codec-socks-4.1.104.Final.jar:"/>
    <property name="sun.cpu.endian" value="little"/>
    <property name="user.home" value="/home/runner"/>
    <property name="user.language" value="en"/>
    <property name="java.specification.vendor" value="Oracle Corporation"/>
    <property name="java.version.date" value="2025-07-15"/>
    <property name="java.home" value="/usr/lib/jvm/temurin-17-jdk-amd64"/>
    <property name="file.separator" value="/"/>
    <property name="basedir" value="/home/runner/work/Signalling/Signalling/java-signalling"/>
    <property name="java.vm.compressedOopsMode" value="Zero based"/>
    <property name="line.separator" value="&#10;"/>
    <property name="java.specification.name" value="Java Platform API Specification"/>
    <property name="java.vm.specification.vendor" value="Oracle Corporation"/>
    <property name="FILE_LOG_CHARSET" value="UTF-8"/>
    <property name="java.awt.headless" value="true"/>
    <property name="surefire.real.class.path" value="/home/runner/work/Signalling/Signalling/java-signalling/target/surefire/surefirebooter-20250813083248854_3.jar"/>
    <property name="sun.management.compiler" value="HotSpot 64-Bit Tiered Compilers"/>
    <property name="java.runtime.version" value="17.0.16+8"/>
    <property name="user.name" value="runner"/>
    <property name="path.separator" value=":"/>
    <property name="os.version" value="6.11.0-1018-azure"/>
    <property name="java.runtime.name" value="OpenJDK Runtime Environment"/>
    <property name="file.encoding" value="UTF-8"/>
    <property name="java.vm.name" value="OpenJDK 64-Bit Server VM"/>
    <property name="java.vendor.version" value="Temurin-17.0.16+8"/>
    <property name="localRepository" value="/home/runner/.m2/repository"/>
    <property name="java.vendor.url.bug" value="https://github.com/adoptium/adoptium-support/issues"/>
    <property name="java.io.tmpdir" value="/tmp"/>
    <property name="java.version" value="17.0.16"/>
    <property name="user.dir" value="/home/runner/work/Signalling/Signalling/java-signalling"/>
    <property name="os.arch" value="amd64"/>
    <property name="java.vm.specification.name" value="Java Virtual Machine Specification"/>
    <property name="PID" value="4519"/>
    <property name="CONSOLE_LOG_CHARSET" value="UTF-8"/>
    <property name="native.encoding" value="UTF-8"/>
    <property name="java.library.path" value="/usr/java/packages/lib:/usr/lib64:/lib64:/lib:/usr/lib"/>
    <property name="java.vm.info" value="mixed mode, sharing"/>
    <property name="java.vendor" value="Eclipse Adoptium"/>
    <property name="java.vm.version" value="17.0.16+8"/>
    <property name="java.specification.maintenance.version" value="1"/>
    <property name="sun.io.unicode.encoding" value="UnicodeLittle"/>
    <property name="java.class.version" value="61.0"/>
    <property name="LOGGED_APPLICATION_NAME" value="[java-signalling] "/>
  </properties>
  <testcase name="testPlayerRegistrationWithInvalidStreamer" classname="com.example.signalling.SignallingIntegrationTest" time="3.871">
    <failure message="Should receive error within 3 seconds ==&gt; expected: &lt;true&gt; but was: &lt;false&gt;" type="org.opentest4j.AssertionFailedError"><![CDATA[org.opentest4j.AssertionFailedError: Should receive error within 3 seconds ==> expected: <true> but was: <false>
	at org.junit.jupiter.api.AssertionFailureBuilder.build(AssertionFailureBuilder.java:151)
	at org.junit.jupiter.api.AssertionFailureBuilder.buildAndThrow(AssertionFailureBuilder.java:132)
	at org.junit.jupiter.api.AssertTrue.failNotTrue(AssertTrue.java:63)
	at org.junit.jupiter.api.AssertTrue.assertTrue(AssertTrue.java:36)
	at org.junit.jupiter.api.Assertions.assertTrue(Assertions.java:214)
	at com.example.signalling.SignallingIntegrationTest.testPlayerRegistrationWithInvalidStreamer(SignallingIntegrationTest.java:130)
	at java.base/java.lang.reflect.Method.invoke(Method.java:569)
	at java.base/java.util.ArrayList.forEach(ArrayList.java:1511)
	at java.base/java.util.ArrayList.forEach(ArrayList.java:1511)
]]></failure>
    <system-out><![CDATA[08:32:49.503 [main] INFO org.springframework.test.context.support.AnnotationConfigContextLoaderUtils -- Could not detect default configuration classes for test class [com.example.signalling.SignallingIntegrationTest]: SignallingIntegrationTest does not declare any static, non-private, non-final, nested classes annotated with @Configuration.
08:32:49.599 [main] INFO org.springframework.boot.test.context.SpringBootTestContextBootstrapper -- Found @SpringBootConfiguration com.example.signalling.SignallingApplication for test class com.example.signalling.SignallingIntegrationTest
08:32:49,413 |-INFO in ch.qos.logback.classic.LoggerContext[default] - This is logback-classic version 1.4.14
08:32:49,415 |-INFO in ch.qos.logback.classic.util.ContextInitializer@5b56b654 - Here is a list of configurators discovered as a service, by rank: 
08:32:49,415 |-INFO in ch.qos.logback.classic.util.ContextInitializer@5b56b654 -   org.springframework.boot.logging.logback.RootLogLevelConfigurator
08:32:49,415 |-INFO in ch.qos.logback.classic.util.ContextInitializer@5b56b654 - They will be invoked in order until ExecutionStatus.DO_NOT_INVOKE_NEXT_IF_ANY is returned.
08:32:49,415 |-INFO in ch.qos.logback.classic.util.ContextInitializer@5b56b654 - Constructed configurator of type class org.springframework.boot.logging.logback.RootLogLevelConfigurator
08:32:49,425 |-INFO in ch.qos.logback.classic.util.ContextInitializer@5b56b654 - org.springframework.boot.logging.logback.RootLogLevelConfigurator.configure() call lasted 1 milliseconds. ExecutionStatus=INVOKE_NEXT_IF_ANY
08:32:49,425 |-INFO in ch.qos.logback.classic.util.ContextInitializer@5b56b654 - Trying to configure with ch.qos.logback.classic.joran.SerializedModelConfigurator
08:32:49,425 |-INFO in ch.qos.logback.classic.util.ContextInitializer@5b56b654 - Constructed configurator of type class ch.qos.logback.classic.joran.SerializedModelConfigurator
08:32:49,427 |-INFO in ch.qos.logback.classic.LoggerContext[default] - Could NOT find resource [logback-test.scmo]
08:32:49,428 |-INFO in ch.qos.logback.classic.LoggerContext[default] - Could NOT find resource [logback.scmo]
08:32:49,428 |-INFO in ch.qos.logback.classic.util.ContextInitializer@5b56b654 - ch.qos.logback.classic.joran.SerializedModelConfigurator.configure() call lasted 3 milliseconds. ExecutionStatus=INVOKE_NEXT_IF_ANY
08:32:49,428 |-INFO in ch.qos.logback.classic.util.ContextInitializer@5b56b654 - Trying to configure with ch.qos.logback.classic.util.DefaultJoranConfigurator
08:32:49,428 |-INFO in ch.qos.logback.classic.util.ContextInitializer@5b56b654 - Constructed configurator of type class ch.qos.logback.classic.util.DefaultJoranConfigurator
08:32:49,428 |-INFO in ch.qos.logback.classic.LoggerContext[default] - Could NOT find resource [logback-test.xml]
08:32:49,429 |-INFO in ch.qos.logback.classic.LoggerContext[default] - Could NOT find resource [logback.xml]
08:32:49,429 |-INFO in ch.qos.logback.classic.util.ContextInitializer@5b56b654 - ch.qos.logback.classic.util.DefaultJoranConfigurator.configure() call lasted 1 milliseconds. ExecutionStatus=INVOKE_NEXT_IF_ANY
08:32:49,429 |-INFO in ch.qos.logback.classic.util.ContextInitializer@5b56b654 - Trying to configure with ch.qos.logback.classic.BasicConfigurator
08:32:49,429 |-INFO in ch.qos.logback.classic.util.ContextInitializer@5b56b654 - Constructed configurator of type class ch.qos.logback.classic.BasicConfigurator
08:32:49,429 |-INFO in ch.qos.logback.classic.BasicConfigurator@452c8a40 - Setting up default configuration.
08:32:49,440 |-INFO in ch.qos.logback.classic.util.ContextInitializer@5b56b654 - ch.qos.logback.classic.BasicConfigurator.configure() call lasted 11 milliseconds. ExecutionStatus=NEUTRAL
08:32:49,970 |-WARN in ch.qos.logback.core.model.processor.AppenderModelHandler - Appender named [CONSOLE] not referenced. Skipping further processing.
08:32:49,970 |-INFO in ch.qos.logback.core.model.processor.AppenderModelHandler - Processing appender named [CONSOLE_PLAIN]
08:32:49,970 |-INFO in ch.qos.logback.core.model.processor.AppenderModelHandler - About to instantiate appender of type [ch.qos.logback.core.ConsoleAppender]
08:32:49,973 |-INFO in ch.qos.logback.core.model.processor.ImplicitModelHandler - Assuming default type [ch.qos.logback.classic.encoder.PatternLayoutEncoder] for [encoder] property
08:32:49,982 |-INFO in ch.qos.logback.classic.model.processor.RootLoggerModelHandler - Setting level of ROOT logger to INFO
08:32:49,982 |-INFO in ch.qos.logback.classic.jul.LevelChangePropagator@534243e4 - Propagating INFO level on Logger[ROOT] onto the JUL framework
08:32:49,983 |-INFO in ch.qos.logback.core.model.processor.AppenderRefModelHandler - Attaching appender named [CONSOLE_PLAIN] to Logger[ROOT]
08:32:49,983 |-INFO in ch.qos.logback.classic.model.processor.LoggerModelHandler - Setting level of logger [com.example.signalling] to INFO
08:32:49,983 |-INFO in ch.qos.logback.classic.jul.LevelChangePropagator@534243e4 - Propagating INFO level on Logger[com.example.signalling] onto the JUL framework
08:32:49,983 |-INFO in ch.qos.logback.classic.model.processor.LoggerModelHandler - Setting level of logger [org.springframework.web.reactive.socket] to DEBUG
08:32:49,983 |-INFO in ch.qos.logback.classic.jul.LevelChangePropagator@534243e4 - Propagating DEBUG level on Logger[org.springframework.web.reactive.socket] onto the JUL framework
08:32:49,983 |-INFO in ch.qos.logback.core.model.processor.DefaultProcessor@29006752 - End of configuration.
08:32:49,983 |-INFO in org.springframework.boot.logging.logback.SpringBootJoranConfigurator@470a9030 - Registering current configuration as safe fallback point


  .   ____          _            __ _ _
 /\\ / ___'_ __ _ _(_)_ __  __ _ \ \ \ \
( ( )\___ | '_ | '_| | '_ \/ _` | \ \ \ \
 \\/  ___)| |_)| | | | | || (_| |  ) ) ) )
  '  |____| .__|_| |_|_| |_\__, | / / / /
 =========|_|==============|___/=/_/_/_/
 :: Spring Boot ::                (v3.2.1)

08:32:50.051 [main] INFO  c.e.s.SignallingIntegrationTest - Starting SignallingIntegrationTest using Java 17.0.16 with PID 4519 (started by runner in /home/runner/work/Signalling/Signalling/java-signalling)
08:32:50.052 [main] INFO  c.e.s.SignallingIntegrationTest - No active profile set, falling back to 1 default profile: "default"
08:32:51.433 [main] INFO  o.s.b.a.e.web.EndpointLinksResolver - Exposing 1 endpoint(s) beneath base path '/actuator'
08:32:51.828 [main] INFO  o.s.b.w.e.netty.NettyWebServer - Netty started on port 38083
08:32:51.852 [main] INFO  c.e.s.SignallingIntegrationTest - Started SignallingIntegrationTest in 2.126 seconds (process running for 2.943)
08:32:52.667 [main] DEBUG o.s.w.r.s.c.ReactorNettyWebSocketClient - Connecting to ws://localhost:38083/ws
08:32:52.853 [reactor-http-epoll-4] DEBUG o.s.w.r.s.a.ReactorNettyWebSocketSession - [b2a19140-1] Session id "32b44c11" for http://localhost:38083/ws
08:32:52.853 [reactor-http-epoll-4] INFO  c.e.s.w.SignallingWebSocketHandler - WebSocket connection established: 32b44c11
08:32:52.855 [reactor-http-epoll-3] DEBUG o.s.w.r.s.a.ReactorNettyWebSocketSession - [7567eb5e] Session id "7567eb5e" for ws://localhost:38083/ws
08:32:52.856 [reactor-http-epoll-3] DEBUG o.s.w.r.s.c.ReactorNettyWebSocketClient - Started session '7567eb5e' for ws://localhost:38083/ws
08:32:52.931 [reactor-http-epoll-4] INFO  c.e.signalling.service.MessageRouter - Received message: registerPlayer
08:32:52.932 [reactor-http-epoll-4] WARN  c.e.s.service.RoutingService - Player test-player-2 tried to register with non-existent streamer: non-existent-streamer
08:32:52.940 [reactor-http-epoll-4] INFO  c.e.s.service.RoutingService - Sent message: error
08:32:52.941 [reactor-http-epoll-4] INFO  c.e.s.w.SignallingWebSocketHandler - WebSocket connection closed: 32b44c11
]]></system-out>
  </testcase>
  <testcase name="testInvalidJsonHandling" classname="com.example.signalling.SignallingIntegrationTest" time="3.007">
    <failure message="Should receive error within 3 seconds ==&gt; expected: &lt;true&gt; but was: &lt;false&gt;" type="org.opentest4j.AssertionFailedError"><![CDATA[org.opentest4j.AssertionFailedError: Should receive error within 3 seconds ==> expected: <true> but was: <false>
	at org.junit.jupiter.api.AssertionFailureBuilder.build(AssertionFailureBuilder.java:151)
	at org.junit.jupiter.api.AssertionFailureBuilder.buildAndThrow(AssertionFailureBuilder.java:132)
	at org.junit.jupiter.api.AssertTrue.failNotTrue(AssertTrue.java:63)
	at org.junit.jupiter.api.AssertTrue.assertTrue(AssertTrue.java:36)
	at org.junit.jupiter.api.Assertions.assertTrue(Assertions.java:214)
	at com.example.signalling.SignallingIntegrationTest.testInvalidJsonHandling(SignallingIntegrationTest.java:285)
	at java.base/java.lang.reflect.Method.invoke(Method.java:569)
	at java.base/java.util.ArrayList.forEach(ArrayList.java:1511)
	at java.base/java.util.ArrayList.forEach(ArrayList.java:1511)
]]></failure>
    <system-out><![CDATA[08:32:55.739 [main] DEBUG o.s.w.r.s.c.ReactorNettyWebSocketClient - Connecting to ws://localhost:38083/ws
08:32:55.749 [reactor-http-epoll-2] DEBUG o.s.w.r.s.a.ReactorNettyWebSocketSession - [56ec4927-2] Session id "3f1db404" for http://localhost:38083/ws
08:32:55.749 [reactor-http-epoll-2] INFO  c.e.s.w.SignallingWebSocketHandler - WebSocket connection established: 3f1db404
08:32:55.749 [reactor-http-epoll-1] DEBUG o.s.w.r.s.a.ReactorNettyWebSocketSession - [575f95b2] Session id "575f95b2" for ws://localhost:38083/ws
08:32:55.749 [reactor-http-epoll-1] DEBUG o.s.w.r.s.c.ReactorNettyWebSocketClient - Started session '575f95b2' for ws://localhost:38083/ws
08:32:55.751 [reactor-http-epoll-2] ERROR c.e.signalling.service.MessageRouter - Failed to parse message: {invalid json}
com.fasterxml.jackson.core.JsonParseException: Unexpected character ('i' (code 105)): was expecting double-quote to start field name
 at [Source: (String)"{invalid json}"; line: 1, column: 3]
	at com.fasterxml.jackson.core.JsonParser._constructError(JsonParser.java:2477)
	at com.fasterxml.jackson.core.base.ParserMinimalBase._reportError(ParserMinimalBase.java:750)
	at com.fasterxml.jackson.core.base.ParserMinimalBase._reportUnexpectedChar(ParserMinimalBase.java:674)
	at com.fasterxml.jackson.core.json.ReaderBasedJsonParser._handleOddName(ReaderBasedJsonParser.java:1940)
	at com.fasterxml.jackson.core.json.ReaderBasedJsonParser.nextToken(ReaderBasedJsonParser.java:737)
	at com.fasterxml.jackson.databind.jsontype.impl.AsPropertyTypeDeserializer.deserializeTypedFromObject(AsPropertyTypeDeserializer.java:113)
	at com.fasterxml.jackson.databind.deser.AbstractDeserializer.deserializeWithType(AbstractDeserializer.java:263)
	at com.fasterxml.jackson.databind.deser.impl.TypeWrappedDeserializer.deserialize(TypeWrappedDeserializer.java:74)
	at com.fasterxml.jackson.databind.deser.DefaultDeserializationContext.readRootValue(DefaultDeserializationContext.java:323)
	at com.fasterxml.jackson.databind.ObjectMapper._readMapAndClose(ObjectMapper.java:4825)
	at com.fasterxml.jackson.databind.ObjectMapper.readValue(ObjectMapper.java:3772)
	at com.fasterxml.jackson.databind.ObjectMapper.readValue(ObjectMapper.java:3740)
	at com.example.signalling.service.MessageRouter.routeMessage(MessageRouter.java:30)
	at com.example.signalling.websocket.SignallingWebSocketHandler.lambda$handle$0(SignallingWebSocketHandler.java:45)
	at reactor.core.publisher.FluxFlatMap$FlatMapMain.onNext(FluxFlatMap.java:388)
	at reactor.core.publisher.FluxMap$MapSubscriber.onNext(FluxMap.java:122)
	at reactor.core.publisher.FluxPeek$PeekSubscriber.onNext(FluxPeek.java:200)
	at reactor.core.publisher.FluxMap$MapSubscriber.onNext(FluxMap.java:122)
	at reactor.core.publisher.FluxMap$MapSubscriber.onNext(FluxMap.java:122)
	at reactor.core.publisher.FluxFilter$FilterSubscriber.onNext(FluxFilter.java:113)
	at reactor.netty.channel.FluxReceive.drainReceiver(FluxReceive.java:294)
	at reactor.netty.channel.FluxReceive.onInboundNext(FluxReceive.java:403)
	at reactor.netty.channel.ChannelOperations.onInboundNext(ChannelOperations.java:426)
	at reactor.netty.http.server.HttpServerOperations.onInboundNext(HttpServerOperations.java:691)
	at reactor.netty.http.server.WebsocketServerOperations.onInboundNext(WebsocketServerOperations.java:181)
	at reactor.netty.channel.ChannelOperationsHandler.channelRead(ChannelOperationsHandler.java:114)
	at io.netty.channel.AbstractChannelHandlerContext.invokeChannelRead(AbstractChannelHandlerContext.java:444)
	at io.netty.channel.AbstractChannelHandlerContext.invokeChannelRead(AbstractChannelHandlerContext.java:420)
	at io.netty.channel.AbstractChannelHandlerContext.fireChannelRead(AbstractChannelHandlerContext.java:412)
	at io.netty.handler.codec.MessageToMessageDecoder.channelRead(MessageToMessageDecoder.java:103)
	at io.netty.channel.AbstractChannelHandlerContext.invokeChannelRead(AbstractChannelHandlerContext.java:444)
	at io.netty.channel.AbstractChannelHandlerContext.invokeChannelRead(AbstractChannelHandlerContext.java:420)
	at io.netty.channel.AbstractChannelHandlerContext.fireChannelRead(AbstractChannelHandlerContext.java:412)
	at io.netty.handler.codec.ByteToMessageDecoder.fireChannelRead(ByteToMessageDecoder.java:346)
	at io.netty.handler.codec.ByteToMessageDecoder.channelRead(ByteToMessageDecoder.java:318)
	at io.netty.channel.AbstractChannelHandlerContext.invokeChannelRead(AbstractChannelHandlerContext.java:444)
	at io.netty.channel.AbstractChannelHandlerContext.invokeChannelRead(AbstractChannelHandlerContext.java:420)
	at io.netty.channel.AbstractChannelHandlerContext.fireChannelRead(AbstractChannelHandlerContext.java:412)
	at io.netty.channel.DefaultChannelPipeline$HeadContext.channelRead(DefaultChannelPipeline.java:1410)
	at io.netty.channel.AbstractChannelHandlerContext.invokeChannelRead(AbstractChannelHandlerContext.java:440)
	at io.netty.channel.AbstractChannelHandlerContext.invokeChannelRead(AbstractChannelHandlerContext.java:420)
	at io.netty.channel.DefaultChannelPipeline.fireChannelRead(DefaultChannelPipeline.java:919)
	at io.netty.channel.epoll.AbstractEpollStreamChannel$EpollStreamUnsafe.epollInReady(AbstractEpollStreamChannel.java:800)
	at io.netty.channel.epoll.EpollEventLoop.processReady(EpollEventLoop.java:509)
	at io.netty.channel.epoll.EpollEventLoop.run(EpollEventLoop.java:407)
	at io.netty.util.concurrent.SingleThreadEventExecutor$4.run(SingleThreadEventExecutor.java:997)
	at io.netty.util.internal.ThreadExecutorMap$2.run(ThreadExecutorMap.java:74)
	at io.netty.util.concurrent.FastThreadLocalRunnable.run(FastThreadLocalRunnable.java:30)
	at java.base/java.lang.Thread.run(Thread.java:840)
08:32:55.754 [reactor-http-epoll-2] INFO  c.e.s.w.SignallingWebSocketHandler - WebSocket connection closed: 3f1db404
]]></system-out>
  </testcase>
  <testcase name="testStreamerRegistrationAndPlayerOfferForward" classname="com.example.signalling.SignallingIntegrationTest" time="0.522">
    <system-out><![CDATA[08:32:58.747 [main] DEBUG o.s.w.r.s.c.ReactorNettyWebSocketClient - Connecting to ws://localhost:38083/ws
08:32:58.751 [reactor-http-epoll-4] DEBUG o.s.w.r.s.a.ReactorNettyWebSocketSession - [8bcdcb8e-3] Session id "5c707ec4" for http://localhost:38083/ws
08:32:58.752 [reactor-http-epoll-4] INFO  c.e.s.w.SignallingWebSocketHandler - WebSocket connection established: 5c707ec4
08:32:58.752 [reactor-http-epoll-3] DEBUG o.s.w.r.s.a.ReactorNettyWebSocketSession - [6116a308] Session id "6116a308" for ws://localhost:38083/ws
08:32:58.752 [reactor-http-epoll-3] DEBUG o.s.w.r.s.c.ReactorNettyWebSocketClient - Started session '6116a308' for ws://localhost:38083/ws
08:32:58.755 [reactor-http-epoll-4] INFO  c.e.signalling.service.MessageRouter - Received message: registerStreamer
08:32:58.755 [reactor-http-epoll-4] INFO  c.e.s.service.RoutingService - Registering streamer: test-streamer-1
08:32:58.755 [reactor-http-epoll-4] INFO  c.e.s.registry.StreamerRegistry - Streamer registered: test-streamer-1
08:32:59.249 [main] DEBUG o.s.w.r.s.c.ReactorNettyWebSocketClient - Connecting to ws://localhost:38083/ws
08:32:59.254 [reactor-http-epoll-2] DEBUG o.s.w.r.s.a.ReactorNettyWebSocketSession - [e934c084-4] Session id "18de242" for http://localhost:38083/ws
08:32:59.254 [reactor-http-epoll-2] INFO  c.e.s.w.SignallingWebSocketHandler - WebSocket connection established: 18de242
08:32:59.254 [reactor-http-epoll-1] DEBUG o.s.w.r.s.a.ReactorNettyWebSocketSession - [613dfb73] Session id "613dfb73" for ws://localhost:38083/ws
08:32:59.254 [reactor-http-epoll-1] DEBUG o.s.w.r.s.c.ReactorNettyWebSocketClient - Started session '613dfb73' for ws://localhost:38083/ws
08:32:59.256 [reactor-http-epoll-2] INFO  c.e.signalling.service.MessageRouter - Received message: registerPlayer
08:32:59.257 [reactor-http-epoll-2] INFO  c.e.s.service.RoutingService - Registering player: test-player-1 -> streamer: test-streamer-1
08:32:59.257 [reactor-http-epoll-2] INFO  c.e.s.registry.PlayerRegistry - Player registered: test-player-1 -> streamer: test-streamer-1
08:32:59.258 [reactor-http-epoll-2] INFO  c.e.signalling.service.MessageRouter - Received message: offer
08:32:59.259 [reactor-http-epoll-2] INFO  c.e.s.service.RoutingService - Forwarding offer from player test-player-1 to streamer test-streamer-1
08:32:59.261 [reactor-http-epoll-2] INFO  c.e.s.service.RoutingService - Sent message: offer
08:32:59.261 [reactor-http-epoll-2] INFO  c.e.s.w.SignallingWebSocketHandler - WebSocket connection closed: 18de242
08:32:59.263 [reactor-http-epoll-2] INFO  c.e.s.service.RoutingService - Sent message: peerDisconnected
08:32:59.263 [reactor-http-epoll-2] INFO  c.e.s.registry.PlayerRegistry - Player removed: test-player-1
08:32:59.263 [reactor-http-epoll-2] INFO  c.e.s.service.RoutingService - Player disconnected: test-player-1
]]></system-out>
  </testcase>
  <testcase name="testIceCandidateForwarding" classname="com.example.signalling.SignallingIntegrationTest" time="0.523">
    <system-out><![CDATA[08:32:59.270 [main] DEBUG o.s.w.r.s.c.ReactorNettyWebSocketClient - Connecting to ws://localhost:38083/ws
08:32:59.274 [reactor-http-epoll-4] DEBUG o.s.w.r.s.a.ReactorNettyWebSocketSession - [0d2fbd47-5] Session id "42a10af3" for http://localhost:38083/ws
08:32:59.275 [reactor-http-epoll-4] INFO  c.e.s.w.SignallingWebSocketHandler - WebSocket connection established: 42a10af3
08:32:59.275 [reactor-http-epoll-3] DEBUG o.s.w.r.s.a.ReactorNettyWebSocketSession - [44c9edc] Session id "44c9edc" for ws://localhost:38083/ws
08:32:59.275 [reactor-http-epoll-3] DEBUG o.s.w.r.s.c.ReactorNettyWebSocketClient - Started session '44c9edc' for ws://localhost:38083/ws
08:32:59.277 [reactor-http-epoll-4] INFO  c.e.signalling.service.MessageRouter - Received message: registerStreamer
08:32:59.277 [reactor-http-epoll-4] INFO  c.e.s.service.RoutingService - Registering streamer: test-streamer-3
08:32:59.278 [reactor-http-epoll-4] INFO  c.e.s.registry.StreamerRegistry - Streamer registered: test-streamer-3
08:32:59.772 [main] DEBUG o.s.w.r.s.c.ReactorNettyWebSocketClient - Connecting to ws://localhost:38083/ws
08:32:59.776 [reactor-http-epoll-2] DEBUG o.s.w.r.s.a.ReactorNettyWebSocketSession - [38864181-6] Session id "74d8a582" for http://localhost:38083/ws
08:32:59.776 [reactor-http-epoll-2] INFO  c.e.s.w.SignallingWebSocketHandler - WebSocket connection established: 74d8a582
08:32:59.777 [reactor-http-epoll-1] DEBUG o.s.w.r.s.a.ReactorNettyWebSocketSession - [41fb886d] Session id "41fb886d" for ws://localhost:38083/ws
08:32:59.777 [reactor-http-epoll-1] DEBUG o.s.w.r.s.c.ReactorNettyWebSocketClient - Started session '41fb886d' for ws://localhost:38083/ws
08:32:59.778 [reactor-http-epoll-2] INFO  c.e.signalling.service.MessageRouter - Received message: registerPlayer
08:32:59.778 [reactor-http-epoll-2] INFO  c.e.s.service.RoutingService - Registering player: test-player-4 -> streamer: test-streamer-3
08:32:59.778 [reactor-http-epoll-2] INFO  c.e.s.registry.PlayerRegistry - Player registered: test-player-4 -> streamer: test-streamer-3
08:32:59.785 [reactor-http-epoll-2] INFO  c.e.signalling.service.MessageRouter - Received message: iceCandidate
08:32:59.785 [reactor-http-epoll-2] INFO  c.e.s.service.RoutingService - Forwarding ICE candidate from test-player-4 to test-streamer-3
08:32:59.789 [reactor-http-epoll-2] INFO  c.e.s.service.RoutingService - Sent message: iceCandidate
08:32:59.789 [reactor-http-epoll-2] INFO  c.e.s.w.SignallingWebSocketHandler - WebSocket connection closed: 74d8a582
08:32:59.789 [reactor-http-epoll-2] INFO  c.e.s.service.RoutingService - Sent message: peerDisconnected
08:32:59.789 [reactor-http-epoll-2] INFO  c.e.s.registry.PlayerRegistry - Player removed: test-player-4
08:32:59.790 [reactor-http-epoll-2] INFO  c.e.s.service.RoutingService - Player disconnected: test-player-4
]]></system-out>
  </testcase>
  <testcase name="testAnswerForwarding" classname="com.example.signalling.SignallingIntegrationTest" time="0.507">
    <failure message="expected: &lt;answer&gt; but was: &lt;error&gt;" type="org.opentest4j.AssertionFailedError"><![CDATA[org.opentest4j.AssertionFailedError: expected: <answer> but was: <error>
	at org.junit.jupiter.api.AssertionFailureBuilder.build(AssertionFailureBuilder.java:151)
	at org.junit.jupiter.api.AssertionFailureBuilder.buildAndThrow(AssertionFailureBuilder.java:132)
	at org.junit.jupiter.api.AssertEquals.failNotEqual(AssertEquals.java:197)
	at org.junit.jupiter.api.AssertEquals.assertEquals(AssertEquals.java:182)
	at org.junit.jupiter.api.AssertEquals.assertEquals(AssertEquals.java:177)
	at org.junit.jupiter.api.Assertions.assertEquals(Assertions.java:1145)
	at com.example.signalling.SignallingIntegrationTest.testAnswerForwarding(SignallingIntegrationTest.java:194)
	at java.base/java.lang.reflect.Method.invoke(Method.java:569)
	at java.base/java.util.ArrayList.forEach(ArrayList.java:1511)
	at java.base/java.util.ArrayList.forEach(ArrayList.java:1511)
]]></failure>
    <system-out><![CDATA[08:32:59.795 [main] DEBUG o.s.w.r.s.c.ReactorNettyWebSocketClient - Connecting to ws://localhost:38083/ws
08:32:59.799 [reactor-http-epoll-4] DEBUG o.s.w.r.s.a.ReactorNettyWebSocketSession - [bd1f756a-7] Session id "761c04bf" for http://localhost:38083/ws
08:32:59.799 [reactor-http-epoll-4] INFO  c.e.s.w.SignallingWebSocketHandler - WebSocket connection established: 761c04bf
08:32:59.800 [reactor-http-epoll-3] DEBUG o.s.w.r.s.a.ReactorNettyWebSocketSession - [90c23b7] Session id "90c23b7" for ws://localhost:38083/ws
08:32:59.800 [reactor-http-epoll-3] DEBUG o.s.w.r.s.c.ReactorNettyWebSocketClient - Started session '90c23b7' for ws://localhost:38083/ws
08:32:59.802 [reactor-http-epoll-4] INFO  c.e.signalling.service.MessageRouter - Received message: registerPlayer
08:32:59.802 [reactor-http-epoll-4] WARN  c.e.s.service.RoutingService - Player test-player-3 tried to register with non-existent streamer: test-streamer-2
08:32:59.802 [reactor-http-epoll-4] INFO  c.e.s.service.RoutingService - Sent message: error
08:33:00.296 [main] DEBUG o.s.w.r.s.c.ReactorNettyWebSocketClient - Connecting to ws://localhost:38083/ws
]]></system-out>
  </testcase>
</testsuite>